!SESSION 2016-06-18 08:45:19.200 -----------------------------------------------
eclipse.buildId=4.5.1.M20150904-0015
java.version=1.8.0_77
java.vendor=Oracle Corporation
BootLoader constants: OS=win32, ARCH=x86_64, WS=win32, NL=ko_KR
Framework arguments:  -product org.eclipse.epp.package.jee.product
Command-line arguments:  -os win32 -ws win32 -arch x86_64 -product org.eclipse.epp.package.jee.product

!ENTRY org.eclipse.rse.connectorservice.dstore 4 0 2016-06-18 08:45:20.497
!MESSAGE FrameworkEvent ERROR
!STACK 0
org.osgi.framework.BundleException: Could not resolve module: org.eclipse.rse.connectorservice.dstore [714]
  Unresolved requirement: Require-Bundle: org.eclipse.rse.ui; bundle-version="[3.0.0,4.0.0)"

	at org.eclipse.osgi.container.Module.start(Module.java:434)
	at org.eclipse.osgi.container.ModuleContainer$ContainerStartLevel.incStartLevel(ModuleContainer.java:1582)
	at org.eclipse.osgi.container.ModuleContainer$ContainerStartLevel.incStartLevel(ModuleContainer.java:1561)
	at org.eclipse.osgi.container.ModuleContainer$ContainerStartLevel.doContainerStartLevel(ModuleContainer.java:1533)
	at org.eclipse.osgi.container.ModuleContainer$ContainerStartLevel.dispatchEvent(ModuleContainer.java:1476)
	at org.eclipse.osgi.container.ModuleContainer$ContainerStartLevel.dispatchEvent(ModuleContainer.java:1)
	at org.eclipse.osgi.framework.eventmgr.EventManager.dispatchEvent(EventManager.java:230)
	at org.eclipse.osgi.framework.eventmgr.EventManager$EventThread.run(EventManager.java:340)

!ENTRY org.eclipse.rse.connectorservice.local 4 0 2016-06-18 08:45:20.528
!MESSAGE FrameworkEvent ERROR
!STACK 0
org.osgi.framework.BundleException: Could not resolve module: org.eclipse.rse.connectorservice.local [715]
  Unresolved requirement: Require-Bundle: org.eclipse.rse.ui; bundle-version="[3.0.0,4.0.0)"

	at org.eclipse.osgi.container.Module.start(Module.java:434)
	at org.eclipse.osgi.container.ModuleContainer$ContainerStartLevel.incStartLevel(ModuleContainer.java:1582)
	at org.eclipse.osgi.container.ModuleContainer$ContainerStartLevel.incStartLevel(ModuleContainer.java:1561)
	at org.eclipse.osgi.container.ModuleContainer$ContainerStartLevel.doContainerStartLevel(ModuleContainer.java:1533)
	at org.eclipse.osgi.container.ModuleContainer$ContainerStartLevel.dispatchEvent(ModuleContainer.java:1476)
	at org.eclipse.osgi.container.ModuleContainer$ContainerStartLevel.dispatchEvent(ModuleContainer.java:1)
	at org.eclipse.osgi.framework.eventmgr.EventManager.dispatchEvent(EventManager.java:230)
	at org.eclipse.osgi.framework.eventmgr.EventManager$EventThread.run(EventManager.java:340)

!ENTRY org.eclipse.rse.connectorservice.ssh 4 0 2016-06-18 08:45:20.544
!MESSAGE FrameworkEvent ERROR
!STACK 0
org.osgi.framework.BundleException: Could not resolve module: org.eclipse.rse.connectorservice.ssh [716]
  Unresolved requirement: Require-Bundle: org.eclipse.rse.ui; bundle-version="[3.0.0,4.0.0)"

	at org.eclipse.osgi.container.Module.start(Module.java:434)
	at org.eclipse.osgi.container.ModuleContainer$ContainerStartLevel.incStartLevel(ModuleContainer.java:1582)
	at org.eclipse.osgi.container.ModuleContainer$ContainerStartLevel.incStartLevel(ModuleContainer.java:1561)
	at org.eclipse.osgi.container.ModuleContainer$ContainerStartLevel.doContainerStartLevel(ModuleContainer.java:1533)
	at org.eclipse.osgi.container.ModuleContainer$ContainerStartLevel.dispatchEvent(ModuleContainer.java:1476)
	at org.eclipse.osgi.container.ModuleContainer$ContainerStartLevel.dispatchEvent(ModuleContainer.java:1)
	at org.eclipse.osgi.framework.eventmgr.EventManager.dispatchEvent(EventManager.java:230)
	at org.eclipse.osgi.framework.eventmgr.EventManager$EventThread.run(EventManager.java:340)

!ENTRY org.eclipse.rse.connectorservice.telnet 4 0 2016-06-18 08:45:20.575
!MESSAGE FrameworkEvent ERROR
!STACK 0
org.osgi.framework.BundleException: Could not resolve module: org.eclipse.rse.connectorservice.telnet [717]
  Unresolved requirement: Require-Bundle: org.eclipse.rse.ui; bundle-version="[3.0.0,4.0.0)"

	at org.eclipse.osgi.container.Module.start(Module.java:434)
	at org.eclipse.osgi.container.ModuleContainer$ContainerStartLevel.incStartLevel(ModuleContainer.java:1582)
	at org.eclipse.osgi.container.ModuleContainer$ContainerStartLevel.incStartLevel(ModuleContainer.java:1561)
	at org.eclipse.osgi.container.ModuleContainer$ContainerStartLevel.doContainerStartLevel(ModuleContainer.java:1533)
	at org.eclipse.osgi.container.ModuleContainer$ContainerStartLevel.dispatchEvent(ModuleContainer.java:1476)
	at org.eclipse.osgi.container.ModuleContainer$ContainerStartLevel.dispatchEvent(ModuleContainer.java:1)
	at org.eclipse.osgi.framework.eventmgr.EventManager.dispatchEvent(EventManager.java:230)
	at org.eclipse.osgi.framework.eventmgr.EventManager$EventThread.run(EventManager.java:340)

!ENTRY org.eclipse.rse.dstore.security 4 0 2016-06-18 08:45:20.590
!MESSAGE FrameworkEvent ERROR
!STACK 0
org.osgi.framework.BundleException: Could not resolve module: org.eclipse.rse.dstore.security [720]
  Unresolved requirement: Require-Bundle: org.eclipse.rse.ui; bundle-version="[3.0.0,4.0.0)"

	at org.eclipse.osgi.container.Module.start(Module.java:434)
	at org.eclipse.osgi.container.ModuleContainer$ContainerStartLevel.incStartLevel(ModuleContainer.java:1582)
	at org.eclipse.osgi.container.ModuleContainer$ContainerStartLevel.incStartLevel(ModuleContainer.java:1561)
	at org.eclipse.osgi.container.ModuleContainer$ContainerStartLevel.doContainerStartLevel(ModuleContainer.java:1533)
	at org.eclipse.osgi.container.ModuleContainer$ContainerStartLevel.dispatchEvent(ModuleContainer.java:1476)
	at org.eclipse.osgi.container.ModuleContainer$ContainerStartLevel.dispatchEvent(ModuleContainer.java:1)
	at org.eclipse.osgi.framework.eventmgr.EventManager.dispatchEvent(EventManager.java:230)
	at org.eclipse.osgi.framework.eventmgr.EventManager$EventThread.run(EventManager.java:340)

!ENTRY org.eclipse.rse.efs 4 0 2016-06-18 08:45:20.606
!MESSAGE FrameworkEvent ERROR
!STACK 0
org.osgi.framework.BundleException: Could not resolve module: org.eclipse.rse.efs [721]
  Unresolved requirement: Require-Bundle: org.eclipse.rse.subsystems.files.core; bundle-version="[3.0.1,4.0.0)"
    -> Bundle-SymbolicName: org.eclipse.rse.subsystems.files.core; bundle-version="3.3.1.201403100950"; singleton:="true"
       org.eclipse.rse.subsystems.files.core [732]
         Unresolved requirement: Require-Bundle: org.eclipse.rse.ui; bundle-version="[3.1.0,4.0.0)"

	at org.eclipse.osgi.container.Module.start(Module.java:434)
	at org.eclipse.osgi.container.ModuleContainer$ContainerStartLevel.incStartLevel(ModuleContainer.java:1582)
	at org.eclipse.osgi.container.ModuleContainer$ContainerStartLevel.incStartLevel(ModuleContainer.java:1561)
	at org.eclipse.osgi.container.ModuleContainer$ContainerStartLevel.doContainerStartLevel(ModuleContainer.java:1533)
	at org.eclipse.osgi.container.ModuleContainer$ContainerStartLevel.dispatchEvent(ModuleContainer.java:1476)
	at org.eclipse.osgi.container.ModuleContainer$ContainerStartLevel.dispatchEvent(ModuleContainer.java:1)
	at org.eclipse.osgi.framework.eventmgr.EventManager.dispatchEvent(EventManager.java:230)
	at org.eclipse.osgi.framework.eventmgr.EventManager$EventThread.run(EventManager.java:340)

!ENTRY org.eclipse.rse.files.ui 4 0 2016-06-18 08:45:20.622
!MESSAGE FrameworkEvent ERROR
!STACK 0
org.osgi.framework.BundleException: Could not resolve module: org.eclipse.rse.files.ui [723]
  Unresolved requirement: Require-Bundle: org.eclipse.rse.subsystems.shells.core; bundle-version="[3.0.0,4.0.0)"
    -> Bundle-SymbolicName: org.eclipse.rse.subsystems.shells.core; bundle-version="3.1.300.201403271554"
       org.eclipse.rse.subsystems.shells.core [741]
         Unresolved requirement: Require-Bundle: org.eclipse.rse.subsystems.files.core; bundle-version="[3.0.0,4.0.0)"
           -> Bundle-SymbolicName: org.eclipse.rse.subsystems.files.core; bundle-version="3.3.1.201403100950"; singleton:="true"
              org.eclipse.rse.subsystems.files.core [732]
                Unresolved requirement: Require-Bundle: org.eclipse.rse.ui; bundle-version="[3.1.0,4.0.0)"

	at org.eclipse.osgi.container.Module.start(Module.java:434)
	at org.eclipse.osgi.container.ModuleContainer$ContainerStartLevel.incStartLevel(ModuleContainer.java:1582)
	at org.eclipse.osgi.container.ModuleContainer$ContainerStartLevel.incStartLevel(ModuleContainer.java:1561)
	at org.eclipse.osgi.container.ModuleContainer$ContainerStartLevel.doContainerStartLevel(ModuleContainer.java:1533)
	at org.eclipse.osgi.container.ModuleContainer$ContainerStartLevel.dispatchEvent(ModuleContainer.java:1476)
	at org.eclipse.osgi.container.ModuleContainer$ContainerStartLevel.dispatchEvent(ModuleContainer.java:1)
	at org.eclipse.osgi.framework.eventmgr.EventManager.dispatchEvent(EventManager.java:230)
	at org.eclipse.osgi.framework.eventmgr.EventManager$EventThread.run(EventManager.java:340)

!ENTRY org.eclipse.rse.processes.ui 4 0 2016-06-18 08:45:20.637
!MESSAGE FrameworkEvent ERROR
!STACK 0
org.osgi.framework.BundleException: Could not resolve module: org.eclipse.rse.processes.ui [724]
  Unresolved requirement: Require-Bundle: org.eclipse.rse.subsystems.shells.core; bundle-version="[3.0.0,4.0.0)"
    -> Bundle-SymbolicName: org.eclipse.rse.subsystems.shells.core; bundle-version="3.1.300.201403271554"
       org.eclipse.rse.subsystems.shells.core [741]
         Unresolved requirement: Require-Bundle: org.eclipse.rse.subsystems.files.core; bundle-version="[3.0.0,4.0.0)"
           -> Bundle-SymbolicName: org.eclipse.rse.subsystems.files.core; bundle-version="3.3.1.201403100950"; singleton:="true"
              org.eclipse.rse.subsystems.files.core [732]
                Unresolved requirement: Require-Bundle: org.eclipse.rse.ui; bundle-version="[3.1.0,4.0.0)"

	at org.eclipse.osgi.container.Module.start(Module.java:434)
	at org.eclipse.osgi.container.ModuleContainer$ContainerStartLevel.incStartLevel(ModuleContainer.java:1582)
	at org.eclipse.osgi.container.ModuleContainer$ContainerStartLevel.incStartLevel(ModuleContainer.java:1561)
	at org.eclipse.osgi.container.ModuleContainer$ContainerStartLevel.doContainerStartLevel(ModuleContainer.java:1533)
	at org.eclipse.osgi.container.ModuleContainer$ContainerStartLevel.dispatchEvent(ModuleContainer.java:1476)
	at org.eclipse.osgi.container.ModuleContainer$ContainerStartLevel.dispatchEvent(ModuleContainer.java:1)
	at org.eclipse.osgi.framework.eventmgr.EventManager.dispatchEvent(EventManager.java:230)
	at org.eclipse.osgi.framework.eventmgr.EventManager$EventThread.run(EventManager.java:340)

!ENTRY org.eclipse.rse.shells.ui 4 0 2016-06-18 08:45:20.653
!MESSAGE FrameworkEvent ERROR
!STACK 0
org.osgi.framework.BundleException: Could not resolve module: org.eclipse.rse.shells.ui [731]
  Unresolved requirement: Require-Bundle: org.eclipse.rse.files.ui; bundle-version="[3.0.0,4.0.0)"
    -> Bundle-SymbolicName: org.eclipse.rse.files.ui; bundle-version="3.2.200.201502052140"; singleton:="true"
       org.eclipse.rse.files.ui [723]
         Unresolved requirement: Require-Bundle: org.eclipse.rse.subsystems.shells.core; bundle-version="[3.0.0,4.0.0)"
           -> Bundle-SymbolicName: org.eclipse.rse.subsystems.shells.core; bundle-version="3.1.300.201403271554"
              org.eclipse.rse.subsystems.shells.core [741]
                Unresolved requirement: Require-Bundle: org.eclipse.rse.subsystems.files.core; bundle-version="[3.0.0,4.0.0)"
                  -> Bundle-SymbolicName: org.eclipse.rse.subsystems.files.core; bundle-version="3.3.1.201403100950"; singleton:="true"
                     org.eclipse.rse.subsystems.files.core [732]
                       Unresolved requirement: Require-Bundle: org.eclipse.rse.ui; bundle-version="[3.1.0,4.0.0)"

	at org.eclipse.osgi.container.Module.start(Module.java:434)
	at org.eclipse.osgi.container.ModuleContainer$ContainerStartLevel.incStartLevel(ModuleContainer.java:1582)
	at org.eclipse.osgi.container.ModuleContainer$ContainerStartLevel.incStartLevel(ModuleContainer.java:1561)
	at org.eclipse.osgi.container.ModuleContainer$ContainerStartLevel.doContainerStartLevel(ModuleContainer.java:1533)
	at org.eclipse.osgi.container.ModuleContainer$ContainerStartLevel.dispatchEvent(ModuleContainer.java:1476)
	at org.eclipse.osgi.container.ModuleContainer$ContainerStartLevel.dispatchEvent(ModuleContainer.java:1)
	at org.eclipse.osgi.framework.eventmgr.EventManager.dispatchEvent(EventManager.java:230)
	at org.eclipse.osgi.framework.eventmgr.EventManager$EventThread.run(EventManager.java:340)

!ENTRY org.eclipse.rse.subsystems.files.core 4 0 2016-06-18 08:45:20.684
!MESSAGE FrameworkEvent ERROR
!STACK 0
org.osgi.framework.BundleException: Could not resolve module: org.eclipse.rse.subsystems.files.core [732]
  Unresolved requirement: Require-Bundle: org.eclipse.rse.ui; bundle-version="[3.1.0,4.0.0)"

	at org.eclipse.osgi.container.Module.start(Module.java:434)
	at org.eclipse.osgi.container.ModuleContainer$ContainerStartLevel.incStartLevel(ModuleContainer.java:1582)
	at org.eclipse.osgi.container.ModuleContainer$ContainerStartLevel.incStartLevel(ModuleContainer.java:1561)
	at org.eclipse.osgi.container.ModuleContainer$ContainerStartLevel.doContainerStartLevel(ModuleContainer.java:1533)
	at org.eclipse.osgi.container.ModuleContainer$ContainerStartLevel.dispatchEvent(ModuleContainer.java:1476)
	at org.eclipse.osgi.container.ModuleContainer$ContainerStartLevel.dispatchEvent(ModuleContainer.java:1)
	at org.eclipse.osgi.framework.eventmgr.EventManager.dispatchEvent(EventManager.java:230)
	at org.eclipse.osgi.framework.eventmgr.EventManager$EventThread.run(EventManager.java:340)

!ENTRY org.eclipse.rse.subsystems.files.dstore 4 0 2016-06-18 08:45:20.715
!MESSAGE FrameworkEvent ERROR
!STACK 0
org.osgi.framework.BundleException: Could not resolve module: org.eclipse.rse.subsystems.files.dstore [733]
  Unresolved requirement: Require-Bundle: org.eclipse.rse.connectorservice.dstore; bundle-version="[3.0.0,4.0.0)"
    -> Bundle-SymbolicName: org.eclipse.rse.connectorservice.dstore; bundle-version="3.1.301.201403100950"; singleton:="true"
       org.eclipse.rse.connectorservice.dstore [714]
         Unresolved requirement: Require-Bundle: org.eclipse.rse.ui; bundle-version="[3.0.0,4.0.0)"

	at org.eclipse.osgi.container.Module.start(Module.java:434)
	at org.eclipse.osgi.container.ModuleContainer$ContainerStartLevel.incStartLevel(ModuleContainer.java:1582)
	at org.eclipse.osgi.container.ModuleContainer$ContainerStartLevel.incStartLevel(ModuleContainer.java:1561)
	at org.eclipse.osgi.container.ModuleContainer$ContainerStartLevel.doContainerStartLevel(ModuleContainer.java:1533)
	at org.eclipse.osgi.container.ModuleContainer$ContainerStartLevel.dispatchEvent(ModuleContainer.java:1476)
	at org.eclipse.osgi.container.ModuleContainer$ContainerStartLevel.dispatchEvent(ModuleContainer.java:1)
	at org.eclipse.osgi.framework.eventmgr.EventManager.dispatchEvent(EventManager.java:230)
	at org.eclipse.osgi.framework.eventmgr.EventManager$EventThread.run(EventManager.java:340)

!ENTRY org.eclipse.rse.subsystems.files.ftp 4 0 2016-06-18 08:45:20.731
!MESSAGE FrameworkEvent ERROR
!STACK 0
org.osgi.framework.BundleException: Could not resolve module: org.eclipse.rse.subsystems.files.ftp [734]
  Unresolved requirement: Require-Bundle: org.eclipse.rse.subsystems.files.core; bundle-version="[3.0.0,4.0.0)"
    -> Bundle-SymbolicName: org.eclipse.rse.subsystems.files.core; bundle-version="3.3.1.201403100950"; singleton:="true"
       org.eclipse.rse.subsystems.files.core [732]
         Unresolved requirement: Require-Bundle: org.eclipse.rse.ui; bundle-version="[3.1.0,4.0.0)"

	at org.eclipse.osgi.container.Module.start(Module.java:434)
	at org.eclipse.osgi.container.ModuleContainer$ContainerStartLevel.incStartLevel(ModuleContainer.java:1582)
	at org.eclipse.osgi.container.ModuleContainer$ContainerStartLevel.incStartLevel(ModuleContainer.java:1561)
	at org.eclipse.osgi.container.ModuleContainer$ContainerStartLevel.doContainerStartLevel(ModuleContainer.java:1533)
	at org.eclipse.osgi.container.ModuleContainer$ContainerStartLevel.dispatchEvent(ModuleContainer.java:1476)
	at org.eclipse.osgi.container.ModuleContainer$ContainerStartLevel.dispatchEvent(ModuleContainer.java:1)
	at org.eclipse.osgi.framework.eventmgr.EventManager.dispatchEvent(EventManager.java:230)
	at org.eclipse.osgi.framework.eventmgr.EventManager$EventThread.run(EventManager.java:340)

!ENTRY org.eclipse.rse.subsystems.files.local 4 0 2016-06-18 08:45:20.778
!MESSAGE FrameworkEvent ERROR
!STACK 0
org.osgi.framework.BundleException: Could not resolve module: org.eclipse.rse.subsystems.files.local [735]
  Unresolved requirement: Require-Bundle: org.eclipse.rse.connectorservice.local; bundle-version="[2.1.0,3.0.0)"
    -> Bundle-SymbolicName: org.eclipse.rse.connectorservice.local; bundle-version="2.1.400.201403100950"
       org.eclipse.rse.connectorservice.local [715]
         Unresolved requirement: Require-Bundle: org.eclipse.rse.ui; bundle-version="[3.0.0,4.0.0)"

	at org.eclipse.osgi.container.Module.start(Module.java:434)
	at org.eclipse.osgi.container.ModuleContainer$ContainerStartLevel.incStartLevel(ModuleContainer.java:1582)
	at org.eclipse.osgi.container.ModuleContainer$ContainerStartLevel.incStartLevel(ModuleContainer.java:1561)
	at org.eclipse.osgi.container.ModuleContainer$ContainerStartLevel.doContainerStartLevel(ModuleContainer.java:1533)
	at org.eclipse.osgi.container.ModuleContainer$ContainerStartLevel.dispatchEvent(ModuleContainer.java:1476)
	at org.eclipse.osgi.container.ModuleContainer$ContainerStartLevel.dispatchEvent(ModuleContainer.java:1)
	at org.eclipse.osgi.framework.eventmgr.EventManager.dispatchEvent(EventManager.java:230)
	at org.eclipse.osgi.framework.eventmgr.EventManager$EventThread.run(EventManager.java:340)

!ENTRY org.eclipse.rse.subsystems.files.ssh 4 0 2016-06-18 08:45:20.794
!MESSAGE FrameworkEvent ERROR
!STACK 0
org.osgi.framework.BundleException: Could not resolve module: org.eclipse.rse.subsystems.files.ssh [736]
  Unresolved requirement: Require-Bundle: org.eclipse.rse.connectorservice.ssh; bundle-version="[2.1.0,3.0.0)"
    -> Bundle-SymbolicName: org.eclipse.rse.connectorservice.ssh; bundle-version="2.1.300.201505220524"; singleton:="true"
       org.eclipse.rse.connectorservice.ssh [716]
         Unresolved requirement: Require-Bundle: org.eclipse.rse.ui; bundle-version="[3.0.0,4.0.0)"

	at org.eclipse.osgi.container.Module.start(Module.java:434)
	at org.eclipse.osgi.container.ModuleContainer$ContainerStartLevel.incStartLevel(ModuleContainer.java:1582)
	at org.eclipse.osgi.container.ModuleContainer$ContainerStartLevel.incStartLevel(ModuleContainer.java:1561)
	at org.eclipse.osgi.container.ModuleContainer$ContainerStartLevel.doContainerStartLevel(ModuleContainer.java:1533)
	at org.eclipse.osgi.container.ModuleContainer$ContainerStartLevel.dispatchEvent(ModuleContainer.java:1476)
	at org.eclipse.osgi.container.ModuleContainer$ContainerStartLevel.dispatchEvent(ModuleContainer.java:1)
	at org.eclipse.osgi.framework.eventmgr.EventManager.dispatchEvent(EventManager.java:230)
	at org.eclipse.osgi.framework.eventmgr.EventManager$EventThread.run(EventManager.java:340)

!ENTRY org.eclipse.rse.subsystems.processes.core 4 0 2016-06-18 08:45:20.825
!MESSAGE FrameworkEvent ERROR
!STACK 0
org.osgi.framework.BundleException: Could not resolve module: org.eclipse.rse.subsystems.processes.core [737]
  Unresolved requirement: Require-Bundle: org.eclipse.rse.ui; bundle-version="[3.0.0,4.0.0)"

	at org.eclipse.osgi.container.Module.start(Module.java:434)
	at org.eclipse.osgi.container.ModuleContainer$ContainerStartLevel.incStartLevel(ModuleContainer.java:1582)
	at org.eclipse.osgi.container.ModuleContainer$ContainerStartLevel.incStartLevel(ModuleContainer.java:1561)
	at org.eclipse.osgi.container.ModuleContainer$ContainerStartLevel.doContainerStartLevel(ModuleContainer.java:1533)
	at org.eclipse.osgi.container.ModuleContainer$ContainerStartLevel.dispatchEvent(ModuleContainer.java:1476)
	at org.eclipse.osgi.container.ModuleContainer$ContainerStartLevel.dispatchEvent(ModuleContainer.java:1)
	at org.eclipse.osgi.framework.eventmgr.EventManager.dispatchEvent(EventManager.java:230)
	at org.eclipse.osgi.framework.eventmgr.EventManager$EventThread.run(EventManager.java:340)

!ENTRY org.eclipse.rse.subsystems.processes.dstore 4 0 2016-06-18 08:45:20.840
!MESSAGE FrameworkEvent ERROR
!STACK 0
org.osgi.framework.BundleException: Could not resolve module: org.eclipse.rse.subsystems.processes.dstore [738]
  Unresolved requirement: Require-Bundle: org.eclipse.rse.connectorservice.dstore; bundle-version="[3.0.0,4.0.0)"
    -> Bundle-SymbolicName: org.eclipse.rse.connectorservice.dstore; bundle-version="3.1.301.201403100950"; singleton:="true"
       org.eclipse.rse.connectorservice.dstore [714]
         Unresolved requirement: Require-Bundle: org.eclipse.rse.ui; bundle-version="[3.0.0,4.0.0)"

	at org.eclipse.osgi.container.Module.start(Module.java:434)
	at org.eclipse.osgi.container.ModuleContainer$ContainerStartLevel.incStartLevel(ModuleContainer.java:1582)
	at org.eclipse.osgi.container.ModuleContainer$ContainerStartLevel.incStartLevel(ModuleContainer.java:1561)
	at org.eclipse.osgi.container.ModuleContainer$ContainerStartLevel.doContainerStartLevel(ModuleContainer.java:1533)
	at org.eclipse.osgi.container.ModuleContainer$ContainerStartLevel.dispatchEvent(ModuleContainer.java:1476)
	at org.eclipse.osgi.container.ModuleContainer$ContainerStartLevel.dispatchEvent(ModuleContainer.java:1)
	at org.eclipse.osgi.framework.eventmgr.EventManager.dispatchEvent(EventManager.java:230)
	at org.eclipse.osgi.framework.eventmgr.EventManager$EventThread.run(EventManager.java:340)

!ENTRY org.eclipse.rse.subsystems.processes.local 4 0 2016-06-18 08:45:20.856
!MESSAGE FrameworkEvent ERROR
!STACK 0
org.osgi.framework.BundleException: Could not resolve module: org.eclipse.rse.subsystems.processes.local [739]
  Unresolved requirement: Require-Bundle: org.eclipse.rse.connectorservice.local; bundle-version="[2.1.0,3.0.0)"
    -> Bundle-SymbolicName: org.eclipse.rse.connectorservice.local; bundle-version="2.1.400.201403100950"
       org.eclipse.rse.connectorservice.local [715]
         Unresolved requirement: Require-Bundle: org.eclipse.rse.ui; bundle-version="[3.0.0,4.0.0)"

	at org.eclipse.osgi.container.Module.start(Module.java:434)
	at org.eclipse.osgi.container.ModuleContainer$ContainerStartLevel.incStartLevel(ModuleContainer.java:1582)
	at org.eclipse.osgi.container.ModuleContainer$ContainerStartLevel.incStartLevel(ModuleContainer.java:1561)
	at org.eclipse.osgi.container.ModuleContainer$ContainerStartLevel.doContainerStartLevel(ModuleContainer.java:1533)
	at org.eclipse.osgi.container.ModuleContainer$ContainerStartLevel.dispatchEvent(ModuleContainer.java:1476)
	at org.eclipse.osgi.container.ModuleContainer$ContainerStartLevel.dispatchEvent(ModuleContainer.java:1)
	at org.eclipse.osgi.framework.eventmgr.EventManager.dispatchEvent(EventManager.java:230)
	at org.eclipse.osgi.framework.eventmgr.EventManager$EventThread.run(EventManager.java:340)

!ENTRY org.eclipse.rse.subsystems.processes.shell.linux 4 0 2016-06-18 08:45:20.872
!MESSAGE FrameworkEvent ERROR
!STACK 0
org.osgi.framework.BundleException: Could not resolve module: org.eclipse.rse.subsystems.processes.shell.linux [740]
  Unresolved requirement: Require-Bundle: org.eclipse.rse.ui; bundle-version="[3.0.0,4.0.0)"

	at org.eclipse.osgi.container.Module.start(Module.java:434)
	at org.eclipse.osgi.container.ModuleContainer$ContainerStartLevel.incStartLevel(ModuleContainer.java:1582)
	at org.eclipse.osgi.container.ModuleContainer$ContainerStartLevel.incStartLevel(ModuleContainer.java:1561)
	at org.eclipse.osgi.container.ModuleContainer$ContainerStartLevel.doContainerStartLevel(ModuleContainer.java:1533)
	at org.eclipse.osgi.container.ModuleContainer$ContainerStartLevel.dispatchEvent(ModuleContainer.java:1476)
	at org.eclipse.osgi.container.ModuleContainer$ContainerStartLevel.dispatchEvent(ModuleContainer.java:1)
	at org.eclipse.osgi.framework.eventmgr.EventManager.dispatchEvent(EventManager.java:230)
	at org.eclipse.osgi.framework.eventmgr.EventManager$EventThread.run(EventManager.java:340)

!ENTRY org.eclipse.rse.subsystems.shells.core 4 0 2016-06-18 08:45:20.887
!MESSAGE FrameworkEvent ERROR
!STACK 0
org.osgi.framework.BundleException: Could not resolve module: org.eclipse.rse.subsystems.shells.core [741]
  Unresolved requirement: Require-Bundle: org.eclipse.rse.subsystems.files.core; bundle-version="[3.0.0,4.0.0)"
    -> Bundle-SymbolicName: org.eclipse.rse.subsystems.files.core; bundle-version="3.3.1.201403100950"; singleton:="true"
       org.eclipse.rse.subsystems.files.core [732]
         Unresolved requirement: Require-Bundle: org.eclipse.rse.ui; bundle-version="[3.1.0,4.0.0)"

	at org.eclipse.osgi.container.Module.start(Module.java:434)
	at org.eclipse.osgi.container.ModuleContainer$ContainerStartLevel.incStartLevel(ModuleContainer.java:1582)
	at org.eclipse.osgi.container.ModuleContainer$ContainerStartLevel.incStartLevel(ModuleContainer.java:1561)
	at org.eclipse.osgi.container.ModuleContainer$ContainerStartLevel.doContainerStartLevel(ModuleContainer.java:1533)
	at org.eclipse.osgi.container.ModuleContainer$ContainerStartLevel.dispatchEvent(ModuleContainer.java:1476)
	at org.eclipse.osgi.container.ModuleContainer$ContainerStartLevel.dispatchEvent(ModuleContainer.java:1)
	at org.eclipse.osgi.framework.eventmgr.EventManager.dispatchEvent(EventManager.java:230)
	at org.eclipse.osgi.framework.eventmgr.EventManager$EventThread.run(EventManager.java:340)

!ENTRY org.eclipse.rse.subsystems.shells.dstore 4 0 2016-06-18 08:45:20.903
!MESSAGE FrameworkEvent ERROR
!STACK 0
org.osgi.framework.BundleException: Could not resolve module: org.eclipse.rse.subsystems.shells.dstore [742]
  Unresolved requirement: Require-Bundle: org.eclipse.rse.connectorservice.dstore; bundle-version="[3.0.0,4.0.0)"
    -> Bundle-SymbolicName: org.eclipse.rse.connectorservice.dstore; bundle-version="3.1.301.201403100950"; singleton:="true"
       org.eclipse.rse.connectorservice.dstore [714]
         Unresolved requirement: Require-Bundle: org.eclipse.rse.ui; bundle-version="[3.0.0,4.0.0)"

	at org.eclipse.osgi.container.Module.start(Module.java:434)
	at org.eclipse.osgi.container.ModuleContainer$ContainerStartLevel.incStartLevel(ModuleContainer.java:1582)
	at org.eclipse.osgi.container.ModuleContainer$ContainerStartLevel.incStartLevel(ModuleContainer.java:1561)
	at org.eclipse.osgi.container.ModuleContainer$ContainerStartLevel.doContainerStartLevel(ModuleContainer.java:1533)
	at org.eclipse.osgi.container.ModuleContainer$ContainerStartLevel.dispatchEvent(ModuleContainer.java:1476)
	at org.eclipse.osgi.container.ModuleContainer$ContainerStartLevel.dispatchEvent(ModuleContainer.java:1)
	at org.eclipse.osgi.framework.eventmgr.EventManager.dispatchEvent(EventManager.java:230)
	at org.eclipse.osgi.framework.eventmgr.EventManager$EventThread.run(EventManager.java:340)

!ENTRY org.eclipse.rse.subsystems.shells.local 4 0 2016-06-18 08:45:20.919
!MESSAGE FrameworkEvent ERROR
!STACK 0
org.osgi.framework.BundleException: Could not resolve module: org.eclipse.rse.subsystems.shells.local [743]
  Unresolved requirement: Require-Bundle: org.eclipse.rse.connectorservice.local; bundle-version="[2.1.0,3.0.0)"
    -> Bundle-SymbolicName: org.eclipse.rse.connectorservice.local; bundle-version="2.1.400.201403100950"
       org.eclipse.rse.connectorservice.local [715]
         Unresolved requirement: Require-Bundle: org.eclipse.rse.ui; bundle-version="[3.0.0,4.0.0)"

	at org.eclipse.osgi.container.Module.start(Module.java:434)
	at org.eclipse.osgi.container.ModuleContainer$ContainerStartLevel.incStartLevel(ModuleContainer.java:1582)
	at org.eclipse.osgi.container.ModuleContainer$ContainerStartLevel.incStartLevel(ModuleContainer.java:1561)
	at org.eclipse.osgi.container.ModuleContainer$ContainerStartLevel.doContainerStartLevel(ModuleContainer.java:1533)
	at org.eclipse.osgi.container.ModuleContainer$ContainerStartLevel.dispatchEvent(ModuleContainer.java:1476)
	at org.eclipse.osgi.container.ModuleContainer$ContainerStartLevel.dispatchEvent(ModuleContainer.java:1)
	at org.eclipse.osgi.framework.eventmgr.EventManager.dispatchEvent(EventManager.java:230)
	at org.eclipse.osgi.framework.eventmgr.EventManager$EventThread.run(EventManager.java:340)

!ENTRY org.eclipse.rse.subsystems.shells.ssh 4 0 2016-06-18 08:45:20.950
!MESSAGE FrameworkEvent ERROR
!STACK 0
org.osgi.framework.BundleException: Could not resolve module: org.eclipse.rse.subsystems.shells.ssh [744]
  Unresolved requirement: Require-Bundle: org.eclipse.rse.connectorservice.ssh; bundle-version="[2.1.0,3.0.0)"
    -> Bundle-SymbolicName: org.eclipse.rse.connectorservice.ssh; bundle-version="2.1.300.201505220524"; singleton:="true"
       org.eclipse.rse.connectorservice.ssh [716]
         Unresolved requirement: Require-Bundle: org.eclipse.rse.ui; bundle-version="[3.0.0,4.0.0)"

	at org.eclipse.osgi.container.Module.start(Module.java:434)
	at org.eclipse.osgi.container.ModuleContainer$ContainerStartLevel.incStartLevel(ModuleContainer.java:1582)
	at org.eclipse.osgi.container.ModuleContainer$ContainerStartLevel.incStartLevel(ModuleContainer.java:1561)
	at org.eclipse.osgi.container.ModuleContainer$ContainerStartLevel.doContainerStartLevel(ModuleContainer.java:1533)
	at org.eclipse.osgi.container.ModuleContainer$ContainerStartLevel.dispatchEvent(ModuleContainer.java:1476)
	at org.eclipse.osgi.container.ModuleContainer$ContainerStartLevel.dispatchEvent(ModuleContainer.java:1)
	at org.eclipse.osgi.framework.eventmgr.EventManager.dispatchEvent(EventManager.java:230)
	at org.eclipse.osgi.framework.eventmgr.EventManager$EventThread.run(EventManager.java:340)

!ENTRY org.eclipse.rse.subsystems.shells.telnet 4 0 2016-06-18 08:45:20.965
!MESSAGE FrameworkEvent ERROR
!STACK 0
org.osgi.framework.BundleException: Could not resolve module: org.eclipse.rse.subsystems.shells.telnet [745]
  Unresolved requirement: Require-Bundle: org.eclipse.rse.connectorservice.telnet; bundle-version="[1.1.0,2.0.0)"
    -> Bundle-SymbolicName: org.eclipse.rse.connectorservice.telnet; bundle-version="1.2.300.201505220524"; singleton:="true"
       org.eclipse.rse.connectorservice.telnet [717]
         Unresolved requirement: Require-Bundle: org.eclipse.rse.ui; bundle-version="[3.0.0,4.0.0)"

	at org.eclipse.osgi.container.Module.start(Module.java:434)
	at org.eclipse.osgi.container.ModuleContainer$ContainerStartLevel.incStartLevel(ModuleContainer.java:1582)
	at org.eclipse.osgi.container.ModuleContainer$ContainerStartLevel.incStartLevel(ModuleContainer.java:1561)
	at org.eclipse.osgi.container.ModuleContainer$ContainerStartLevel.doContainerStartLevel(ModuleContainer.java:1533)
	at org.eclipse.osgi.container.ModuleContainer$ContainerStartLevel.dispatchEvent(ModuleContainer.java:1476)
	at org.eclipse.osgi.container.ModuleContainer$ContainerStartLevel.dispatchEvent(ModuleContainer.java:1)
	at org.eclipse.osgi.framework.eventmgr.EventManager.dispatchEvent(EventManager.java:230)
	at org.eclipse.osgi.framework.eventmgr.EventManager$EventThread.run(EventManager.java:340)

!ENTRY org.eclipse.rse.useractions 4 0 2016-06-18 08:45:20.981
!MESSAGE FrameworkEvent ERROR
!STACK 0
org.osgi.framework.BundleException: Could not resolve module: org.eclipse.rse.useractions [746]
  Unresolved requirement: Require-Bundle: org.eclipse.rse.subsystems.shells.core; bundle-version="[3.0.0,4.0.0)"
    -> Bundle-SymbolicName: org.eclipse.rse.subsystems.shells.core; bundle-version="3.1.300.201403271554"
       org.eclipse.rse.subsystems.shells.core [741]
         Unresolved requirement: Require-Bundle: org.eclipse.rse.subsystems.files.core; bundle-version="[3.0.0,4.0.0)"
           -> Bundle-SymbolicName: org.eclipse.rse.subsystems.files.core; bundle-version="3.3.1.201403100950"; singleton:="true"
              org.eclipse.rse.subsystems.files.core [732]
                Unresolved requirement: Require-Bundle: org.eclipse.rse.ui; bundle-version="[3.1.0,4.0.0)"

	at org.eclipse.osgi.container.Module.start(Module.java:434)
	at org.eclipse.osgi.container.ModuleContainer$ContainerStartLevel.incStartLevel(ModuleContainer.java:1582)
	at org.eclipse.osgi.container.ModuleContainer$ContainerStartLevel.incStartLevel(ModuleContainer.java:1561)
	at org.eclipse.osgi.container.ModuleContainer$ContainerStartLevel.doContainerStartLevel(ModuleContainer.java:1533)
	at org.eclipse.osgi.container.ModuleContainer$ContainerStartLevel.dispatchEvent(ModuleContainer.java:1476)
	at org.eclipse.osgi.container.ModuleContainer$ContainerStartLevel.dispatchEvent(ModuleContainer.java:1)
	at org.eclipse.osgi.framework.eventmgr.EventManager.dispatchEvent(EventManager.java:230)
	at org.eclipse.osgi.framework.eventmgr.EventManager$EventThread.run(EventManager.java:340)

!ENTRY org.eclipse.update.configurator 4 0 2016-06-18 08:45:27.778
!MESSAGE Unable to access file "plugins/org.eclipse.rse.importexport_1.2.300.201403100950.jar!META-INF/MANIFEST.MF".

!ENTRY org.eclipse.update.configurator 4 0 2016-06-18 08:45:27.825
!MESSAGE Unable to access file "plugins/org.eclipse.rse.ui_3.3.100.201503112018.jar!META-INF/MANIFEST.MF".

!ENTRY org.eclipse.equinox.p2.publisher.eclipse 2 0 2016-06-18 08:45:49.826
!MESSAGE An error occurred while loading the manifest D:\이성권\eclipse\plugins\org.eclipse.rse.importexport_1.2.300.201403100950.jar.
!STACK 0
java.util.zip.ZipException: invalid END header (bad central directory offset)
	at java.util.zip.ZipFile.open(Native Method)
	at java.util.zip.ZipFile.<init>(Unknown Source)
	at java.util.zip.ZipFile.<init>(Unknown Source)
	at org.eclipse.equinox.p2.publisher.eclipse.BundlesAction.basicLoadManifest(BundlesAction.java:628)
	at org.eclipse.equinox.p2.publisher.eclipse.BundlesAction.loadManifest(BundlesAction.java:599)
	at org.eclipse.equinox.p2.publisher.eclipse.BundlesAction.createBundleDescription(BundlesAction.java:576)
	at org.eclipse.equinox.p2.publisher.eclipse.BundlesAction.createBundleDescriptionIgnoringExceptions(BundlesAction.java:560)
	at org.eclipse.equinox.internal.provisional.p2.directorywatcher.RepositoryListener.processBundle(RepositoryListener.java:141)
	at org.eclipse.equinox.internal.provisional.p2.directorywatcher.RepositoryListener.process(RepositoryListener.java:136)
	at org.eclipse.equinox.internal.provisional.p2.directorywatcher.RepositoryListener.added(RepositoryListener.java:117)
	at org.eclipse.equinox.internal.p2.extensionlocation.BundlePoolFilteredListener.added(BundlePoolFilteredListener.java:42)
	at org.eclipse.equinox.internal.p2.extensionlocation.SiteListener.added(SiteListener.java:336)
	at org.eclipse.equinox.internal.provisional.p2.directorywatcher.DirectoryWatcher.processFile(DirectoryWatcher.java:197)
	at org.eclipse.equinox.internal.provisional.p2.directorywatcher.DirectoryWatcher.scanDirectories(DirectoryWatcher.java:160)
	at org.eclipse.equinox.internal.provisional.p2.directorywatcher.DirectoryWatcher.poll(DirectoryWatcher.java:108)
	at org.eclipse.equinox.internal.p2.extensionlocation.SiteListener.synchronizeRepositories(SiteListener.java:111)
	at org.eclipse.equinox.internal.p2.extensionlocation.ExtensionLocationArtifactRepository.ensureInitialized(ExtensionLocationArtifactRepository.java:66)
	at org.eclipse.equinox.internal.p2.extensionlocation.ExtensionLocationArtifactRepository.getProperties(ExtensionLocationArtifactRepository.java:259)
	at org.eclipse.equinox.internal.p2.repository.helpers.AbstractRepositoryManager.addRepository(AbstractRepositoryManager.java:129)
	at org.eclipse.equinox.internal.p2.repository.helpers.AbstractRepositoryManager.loadRepository(AbstractRepositoryManager.java:674)
	at org.eclipse.equinox.internal.p2.artifact.repository.ArtifactRepositoryManager.loadRepository(ArtifactRepositoryManager.java:104)
	at org.eclipse.equinox.internal.p2.artifact.repository.ArtifactRepositoryManager.loadRepository(ArtifactRepositoryManager.java:100)
	at org.eclipse.equinox.internal.p2.touchpoint.eclipse.Util.getRunnableRepositories(Util.java:156)
	at org.eclipse.equinox.internal.p2.touchpoint.eclipse.Util.getAggregatedBundleRepository(Util.java:148)
	at org.eclipse.equinox.internal.p2.extensionlocation.Activator.getBundlePoolRepository(Activator.java:88)
	at org.eclipse.equinox.internal.p2.extensionlocation.BundlePoolFilteredListener.<init>(BundlePoolFilteredListener.java:29)
	at org.eclipse.equinox.internal.p2.extensionlocation.SiteListener.synchronizeRepositories(SiteListener.java:109)
	at org.eclipse.equinox.internal.p2.extensionlocation.ExtensionLocationMetadataRepository.ensureInitialized(ExtensionLocationMetadataRepository.java:65)
	at org.eclipse.equinox.internal.p2.extensionlocation.ExtensionLocationMetadataRepository.getProperties(ExtensionLocationMetadataRepository.java:193)
	at org.eclipse.equinox.internal.p2.repository.helpers.AbstractRepositoryManager.addRepository(AbstractRepositoryManager.java:129)
	at org.eclipse.equinox.internal.p2.metadata.repository.MetadataRepositoryManager.addRepository(MetadataRepositoryManager.java:37)
	at org.eclipse.equinox.internal.p2.reconciler.dropins.Activator.createExtensionLocationMetadataRepository(Activator.java:81)
	at org.eclipse.equinox.internal.p2.reconciler.dropins.PlatformXmlListener.synchronizeConfiguration(PlatformXmlListener.java:223)
	at org.eclipse.equinox.internal.p2.reconciler.dropins.PlatformXmlListener.stopPoll(PlatformXmlListener.java:132)
	at org.eclipse.equinox.internal.provisional.p2.directorywatcher.DirectoryWatcher.stopPoll(DirectoryWatcher.java:171)
	at org.eclipse.equinox.internal.provisional.p2.directorywatcher.DirectoryWatcher.poll(DirectoryWatcher.java:109)
	at org.eclipse.equinox.internal.p2.reconciler.dropins.Activator.watchConfiguration(Activator.java:519)
	at org.eclipse.equinox.internal.p2.reconciler.dropins.Activator.start(Activator.java:175)
	at org.eclipse.osgi.internal.framework.BundleContextImpl$3.run(BundleContextImpl.java:771)
	at org.eclipse.osgi.internal.framework.BundleContextImpl$3.run(BundleContextImpl.java:1)
	at java.security.AccessController.doPrivileged(Native Method)
	at org.eclipse.osgi.internal.framework.BundleContextImpl.startActivator(BundleContextImpl.java:764)
	at org.eclipse.osgi.internal.framework.BundleContextImpl.start(BundleContextImpl.java:721)
	at org.eclipse.osgi.internal.framework.EquinoxBundle.startWorker0(EquinoxBundle.java:941)
	at org.eclipse.osgi.internal.framework.EquinoxBundle$EquinoxModule.startWorker(EquinoxBundle.java:318)
	at org.eclipse.osgi.container.Module.doStart(Module.java:571)
	at org.eclipse.osgi.container.Module.start(Module.java:439)
	at org.eclipse.osgi.container.ModuleContainer$ContainerStartLevel.incStartLevel(ModuleContainer.java:1582)
	at org.eclipse.osgi.container.ModuleContainer$ContainerStartLevel.incStartLevel(ModuleContainer.java:1562)
	at org.eclipse.osgi.container.ModuleContainer$ContainerStartLevel.doContainerStartLevel(ModuleContainer.java:1533)
	at org.eclipse.osgi.container.ModuleContainer$ContainerStartLevel.dispatchEvent(ModuleContainer.java:1476)
	at org.eclipse.osgi.container.ModuleContainer$ContainerStartLevel.dispatchEvent(ModuleContainer.java:1)
	at org.eclipse.osgi.framework.eventmgr.EventManager.dispatchEvent(EventManager.java:230)
	at org.eclipse.osgi.framework.eventmgr.EventManager$EventThread.run(EventManager.java:340)

!ENTRY org.eclipse.equinox.p2.publisher.eclipse 2 0 2016-06-18 08:45:50.326
!MESSAGE An error occurred while loading the manifest D:\이성권\eclipse\plugins\org.eclipse.rse.ui_3.3.100.201503112018.jar.
!STACK 0
java.util.zip.ZipException: error in opening zip file
	at java.util.zip.ZipFile.open(Native Method)
	at java.util.zip.ZipFile.<init>(Unknown Source)
	at java.util.zip.ZipFile.<init>(Unknown Source)
	at org.eclipse.equinox.p2.publisher.eclipse.BundlesAction.basicLoadManifest(BundlesAction.java:628)
	at org.eclipse.equinox.p2.publisher.eclipse.BundlesAction.loadManifest(BundlesAction.java:599)
	at org.eclipse.equinox.p2.publisher.eclipse.BundlesAction.createBundleDescription(BundlesAction.java:576)
	at org.eclipse.equinox.p2.publisher.eclipse.BundlesAction.createBundleDescriptionIgnoringExceptions(BundlesAction.java:560)
	at org.eclipse.equinox.internal.provisional.p2.directorywatcher.RepositoryListener.processBundle(RepositoryListener.java:141)
	at org.eclipse.equinox.internal.provisional.p2.directorywatcher.RepositoryListener.process(RepositoryListener.java:136)
	at org.eclipse.equinox.internal.provisional.p2.directorywatcher.RepositoryListener.added(RepositoryListener.java:117)
	at org.eclipse.equinox.internal.p2.extensionlocation.BundlePoolFilteredListener.added(BundlePoolFilteredListener.java:42)
	at org.eclipse.equinox.internal.p2.extensionlocation.SiteListener.added(SiteListener.java:336)
	at org.eclipse.equinox.internal.provisional.p2.directorywatcher.DirectoryWatcher.processFile(DirectoryWatcher.java:197)
	at org.eclipse.equinox.internal.provisional.p2.directorywatcher.DirectoryWatcher.scanDirectories(DirectoryWatcher.java:160)
	at org.eclipse.equinox.internal.provisional.p2.directorywatcher.DirectoryWatcher.poll(DirectoryWatcher.java:108)
	at org.eclipse.equinox.internal.p2.extensionlocation.SiteListener.synchronizeRepositories(SiteListener.java:111)
	at org.eclipse.equinox.internal.p2.extensionlocation.ExtensionLocationArtifactRepository.ensureInitialized(ExtensionLocationArtifactRepository.java:66)
	at org.eclipse.equinox.internal.p2.extensionlocation.ExtensionLocationArtifactRepository.getProperties(ExtensionLocationArtifactRepository.java:259)
	at org.eclipse.equinox.internal.p2.repository.helpers.AbstractRepositoryManager.addRepository(AbstractRepositoryManager.java:129)
	at org.eclipse.equinox.internal.p2.repository.helpers.AbstractRepositoryManager.loadRepository(AbstractRepositoryManager.java:674)
	at org.eclipse.equinox.internal.p2.artifact.repository.ArtifactRepositoryManager.loadRepository(ArtifactRepositoryManager.java:104)
	at org.eclipse.equinox.internal.p2.artifact.repository.ArtifactRepositoryManager.loadRepository(ArtifactRepositoryManager.java:100)
	at org.eclipse.equinox.internal.p2.touchpoint.eclipse.Util.getRunnableRepositories(Util.java:156)
	at org.eclipse.equinox.internal.p2.touchpoint.eclipse.Util.getAggregatedBundleRepository(Util.java:148)
	at org.eclipse.equinox.internal.p2.extensionlocation.Activator.getBundlePoolRepository(Activator.java:88)
	at org.eclipse.equinox.internal.p2.extensionlocation.BundlePoolFilteredListener.<init>(BundlePoolFilteredListener.java:29)
	at org.eclipse.equinox.internal.p2.extensionlocation.SiteListener.synchronizeRepositories(SiteListener.java:109)
	at org.eclipse.equinox.internal.p2.extensionlocation.ExtensionLocationMetadataRepository.ensureInitialized(ExtensionLocationMetadataRepository.java:65)
	at org.eclipse.equinox.internal.p2.extensionlocation.ExtensionLocationMetadataRepository.getProperties(ExtensionLocationMetadataRepository.java:193)
	at org.eclipse.equinox.internal.p2.repository.helpers.AbstractRepositoryManager.addRepository(AbstractRepositoryManager.java:129)
	at org.eclipse.equinox.internal.p2.metadata.repository.MetadataRepositoryManager.addRepository(MetadataRepositoryManager.java:37)
	at org.eclipse.equinox.internal.p2.reconciler.dropins.Activator.createExtensionLocationMetadataRepository(Activator.java:81)
	at org.eclipse.equinox.internal.p2.reconciler.dropins.PlatformXmlListener.synchronizeConfiguration(PlatformXmlListener.java:223)
	at org.eclipse.equinox.internal.p2.reconciler.dropins.PlatformXmlListener.stopPoll(PlatformXmlListener.java:132)
	at org.eclipse.equinox.internal.provisional.p2.directorywatcher.DirectoryWatcher.stopPoll(DirectoryWatcher.java:171)
	at org.eclipse.equinox.internal.provisional.p2.directorywatcher.DirectoryWatcher.poll(DirectoryWatcher.java:109)
	at org.eclipse.equinox.internal.p2.reconciler.dropins.Activator.watchConfiguration(Activator.java:519)
	at org.eclipse.equinox.internal.p2.reconciler.dropins.Activator.start(Activator.java:175)
	at org.eclipse.osgi.internal.framework.BundleContextImpl$3.run(BundleContextImpl.java:771)
	at org.eclipse.osgi.internal.framework.BundleContextImpl$3.run(BundleContextImpl.java:1)
	at java.security.AccessController.doPrivileged(Native Method)
	at org.eclipse.osgi.internal.framework.BundleContextImpl.startActivator(BundleContextImpl.java:764)
	at org.eclipse.osgi.internal.framework.BundleContextImpl.start(BundleContextImpl.java:721)
	at org.eclipse.osgi.internal.framework.EquinoxBundle.startWorker0(EquinoxBundle.java:941)
	at org.eclipse.osgi.internal.framework.EquinoxBundle$EquinoxModule.startWorker(EquinoxBundle.java:318)
	at org.eclipse.osgi.container.Module.doStart(Module.java:571)
	at org.eclipse.osgi.container.Module.start(Module.java:439)
	at org.eclipse.osgi.container.ModuleContainer$ContainerStartLevel.incStartLevel(ModuleContainer.java:1582)
	at org.eclipse.osgi.container.ModuleContainer$ContainerStartLevel.incStartLevel(ModuleContainer.java:1562)
	at org.eclipse.osgi.container.ModuleContainer$ContainerStartLevel.doContainerStartLevel(ModuleContainer.java:1533)
	at org.eclipse.osgi.container.ModuleContainer$ContainerStartLevel.dispatchEvent(ModuleContainer.java:1476)
	at org.eclipse.osgi.container.ModuleContainer$ContainerStartLevel.dispatchEvent(ModuleContainer.java:1)
	at org.eclipse.osgi.framework.eventmgr.EventManager.dispatchEvent(EventManager.java:230)
	at org.eclipse.osgi.framework.eventmgr.EventManager$EventThread.run(EventManager.java:340)
